<?xml version="1.0" encoding="UTF-8"?>
<testsuite xmlns:xsi="http://www.w3.org/2001/XMLSchema-instance" xsi:noNamespaceSchemaLocation="https://maven.apache.org/surefire/maven-surefire-plugin/xsd/surefire-test-report.xsd" name="com.heima.utils.test.FileTest" time="0.002" tests="0" errors="0" skipped="0" failures="0">
  <properties>
    <property name="gopherProxySet" value="false"/>
    <property name="awt.toolkit" value="sun.lwawt.macosx.LWCToolkit"/>
    <property name="http.proxyHost" value="127.0.0.1"/>
    <property name="file.encoding.pkg" value="sun.io"/>
    <property name="java.specification.version" value="1.8"/>
    <property name="sun.cpu.isalist" value=""/>
    <property name="sun.jnu.encoding" value="UTF-8"/>
    <property name="java.class.path" value="/Users/zhaoxiang/IdeaProjects/heima-leadnews/heima-leadnews-utils/target/test-classes:/Users/zhaoxiang/IdeaProjects/heima-leadnews/heima-leadnews-utils/target/classes:/Users/zhaoxiang/IdeaProjects/heima-leadnews/heima-leadnews-model/target/heima-leadnews-model-1.0-SNAPSHOT.jar:/Users/zhaoxiang/devTools/repository/mysql/mysql-connector-java/5.1.46/mysql-connector-java-5.1.46.jar:/Users/zhaoxiang/devTools/repository/org/mybatis/mybatis/3.5.1/mybatis-3.5.1.jar:/Users/zhaoxiang/devTools/repository/com/baomidou/mybatis-plus-boot-starter/3.4.1/mybatis-plus-boot-starter-3.4.1.jar:/Users/zhaoxiang/devTools/repository/com/baomidou/mybatis-plus/3.4.1/mybatis-plus-3.4.1.jar:/Users/zhaoxiang/devTools/repository/com/baomidou/mybatis-plus-extension/3.4.1/mybatis-plus-extension-3.4.1.jar:/Users/zhaoxiang/devTools/repository/com/baomidou/mybatis-plus-core/3.4.1/mybatis-plus-core-3.4.1.jar:/Users/zhaoxiang/devTools/repository/com/baomidou/mybatis-plus-annotation/3.4.1/mybatis-plus-annotation-3.4.1.jar:/Users/zhaoxiang/devTools/repository/com/github/jsqlparser/jsqlparser/3.2/jsqlparser-3.2.jar:/Users/zhaoxiang/devTools/repository/org/mybatis/mybatis-spring/2.0.1/mybatis-spring-2.0.1.jar:/Users/zhaoxiang/devTools/repository/org/springframework/boot/spring-boot-autoconfigure/2.2.5.RELEASE/spring-boot-autoconfigure-2.2.5.RELEASE.jar:/Users/zhaoxiang/devTools/repository/org/springframework/boot/spring-boot/2.2.5.RELEASE/spring-boot-2.2.5.RELEASE.jar:/Users/zhaoxiang/devTools/repository/org/springframework/spring-core/5.2.4.RELEASE/spring-core-5.2.4.RELEASE.jar:/Users/zhaoxiang/devTools/repository/org/springframework/spring-jcl/5.2.4.RELEASE/spring-jcl-5.2.4.RELEASE.jar:/Users/zhaoxiang/devTools/repository/org/springframework/boot/spring-boot-starter-jdbc/2.2.5.RELEASE/spring-boot-starter-jdbc-2.2.5.RELEASE.jar:/Users/zhaoxiang/devTools/repository/org/springframework/boot/spring-boot-starter/2.3.9.RELEASE/spring-boot-starter-2.3.9.RELEASE.jar:/Users/zhaoxiang/devTools/repository/jakarta/annotation/jakarta.annotation-api/1.3.5/jakarta.annotation-api-1.3.5.jar:/Users/zhaoxiang/devTools/repository/org/yaml/snakeyaml/1.25/snakeyaml-1.25.jar:/Users/zhaoxiang/devTools/repository/com/zaxxer/HikariCP/3.4.2/HikariCP-3.4.2.jar:/Users/zhaoxiang/devTools/repository/org/springframework/spring-jdbc/5.2.4.RELEASE/spring-jdbc-5.2.4.RELEASE.jar:/Users/zhaoxiang/devTools/repository/org/springframework/spring-tx/5.2.4.RELEASE/spring-tx-5.2.4.RELEASE.jar:/Users/zhaoxiang/devTools/repository/io/springfox/springfox-swagger2/2.9.2/springfox-swagger2-2.9.2.jar:/Users/zhaoxiang/devTools/repository/io/swagger/swagger-annotations/1.5.20/swagger-annotations-1.5.20.jar:/Users/zhaoxiang/devTools/repository/io/swagger/swagger-models/1.5.20/swagger-models-1.5.20.jar:/Users/zhaoxiang/devTools/repository/io/springfox/springfox-spi/2.9.2/springfox-spi-2.9.2.jar:/Users/zhaoxiang/devTools/repository/io/springfox/springfox-core/2.9.2/springfox-core-2.9.2.jar:/Users/zhaoxiang/devTools/repository/net/bytebuddy/byte-buddy/1.10.8/byte-buddy-1.10.8.jar:/Users/zhaoxiang/devTools/repository/io/springfox/springfox-schema/2.9.2/springfox-schema-2.9.2.jar:/Users/zhaoxiang/devTools/repository/io/springfox/springfox-swagger-common/2.9.2/springfox-swagger-common-2.9.2.jar:/Users/zhaoxiang/devTools/repository/io/springfox/springfox-spring-web/2.9.2/springfox-spring-web-2.9.2.jar:/Users/zhaoxiang/devTools/repository/com/google/guava/guava/29.0-jre/guava-29.0-jre.jar:/Users/zhaoxiang/devTools/repository/com/google/guava/failureaccess/1.0.1/failureaccess-1.0.1.jar:/Users/zhaoxiang/devTools/repository/com/google/guava/listenablefuture/9999.0-empty-to-avoid-conflict-with-guava/listenablefuture-9999.0-empty-to-avoid-conflict-with-guava.jar:/Users/zhaoxiang/devTools/repository/com/google/code/findbugs/jsr305/3.0.2/jsr305-3.0.2.jar:/Users/zhaoxiang/devTools/repository/org/checkerframework/checker-qual/2.11.1/checker-qual-2.11.1.jar:/Users/zhaoxiang/devTools/repository/com/google/errorprone/error_prone_annotations/2.3.4/error_prone_annotations-2.3.4.jar:/Users/zhaoxiang/devTools/repository/com/google/j2objc/j2objc-annotations/1.3/j2objc-annotations-1.3.jar:/Users/zhaoxiang/devTools/repository/com/fasterxml/classmate/1.5.1/classmate-1.5.1.jar:/Users/zhaoxiang/devTools/repository/org/slf4j/slf4j-api/1.7.30/slf4j-api-1.7.30.jar:/Users/zhaoxiang/devTools/repository/org/springframework/plugin/spring-plugin-core/1.2.0.RELEASE/spring-plugin-core-1.2.0.RELEASE.jar:/Users/zhaoxiang/devTools/repository/org/springframework/spring-beans/5.2.4.RELEASE/spring-beans-5.2.4.RELEASE.jar:/Users/zhaoxiang/devTools/repository/org/springframework/spring-context/5.2.4.RELEASE/spring-context-5.2.4.RELEASE.jar:/Users/zhaoxiang/devTools/repository/org/springframework/spring-expression/5.2.4.RELEASE/spring-expression-5.2.4.RELEASE.jar:/Users/zhaoxiang/devTools/repository/org/springframework/spring-aop/5.2.4.RELEASE/spring-aop-5.2.4.RELEASE.jar:/Users/zhaoxiang/devTools/repository/org/springframework/plugin/spring-plugin-metadata/1.2.0.RELEASE/spring-plugin-metadata-1.2.0.RELEASE.jar:/Users/zhaoxiang/devTools/repository/org/mapstruct/mapstruct/1.2.0.Final/mapstruct-1.2.0.Final.jar:/Users/zhaoxiang/devTools/repository/io/springfox/springfox-swagger-ui/2.9.2/springfox-swagger-ui-2.9.2.jar:/Users/zhaoxiang/devTools/repository/commons-codec/commons-codec/1.12/commons-codec-1.12.jar:/Users/zhaoxiang/devTools/repository/com/alibaba/fastjson/1.2.58/fastjson-1.2.58.jar:/Users/zhaoxiang/devTools/repository/io/jsonwebtoken/jjwt/0.9.1/jjwt-0.9.1.jar:/Users/zhaoxiang/devTools/repository/com/fasterxml/jackson/core/jackson-databind/2.10.2/jackson-databind-2.10.2.jar:/Users/zhaoxiang/devTools/repository/com/fasterxml/jackson/core/jackson-annotations/2.10.2/jackson-annotations-2.10.2.jar:/Users/zhaoxiang/devTools/repository/com/fasterxml/jackson/core/jackson-core/2.10.2/jackson-core-2.10.2.jar:/Users/zhaoxiang/devTools/repository/com/hankcs/hanlp/portable-1.3.4/hanlp-portable-1.3.4.jar:/Users/zhaoxiang/devTools/repository/org/apache/commons/commons-lang3/3.5/commons-lang3-3.5.jar:/Users/zhaoxiang/devTools/repository/org/jsoup/jsoup/1.10.2/jsoup-1.10.2.jar:/Users/zhaoxiang/devTools/repository/commons-beanutils/commons-beanutils/1.9.3/commons-beanutils-1.9.3.jar:/Users/zhaoxiang/devTools/repository/commons-logging/commons-logging/1.2/commons-logging-1.2.jar:/Users/zhaoxiang/devTools/repository/commons-collections/commons-collections/3.2.2/commons-collections-3.2.2.jar:/Users/zhaoxiang/devTools/repository/io/protostuff/protostuff-core/1.6.0/protostuff-core-1.6.0.jar:/Users/zhaoxiang/devTools/repository/io/protostuff/protostuff-api/1.6.0/protostuff-api-1.6.0.jar:/Users/zhaoxiang/devTools/repository/io/protostuff/protostuff-runtime/1.6.0/protostuff-runtime-1.6.0.jar:/Users/zhaoxiang/devTools/repository/io/protostuff/protostuff-collectionschema/1.6.0/protostuff-collectionschema-1.6.0.jar:/Users/zhaoxiang/devTools/repository/org/springframework/boot/spring-boot-starter-log4j2/2.2.5.RELEASE/spring-boot-starter-log4j2-2.2.5.RELEASE.jar:/Users/zhaoxiang/devTools/repository/org/apache/logging/log4j/log4j-slf4j-impl/2.12.1/log4j-slf4j-impl-2.12.1.jar:/Users/zhaoxiang/devTools/repository/org/apache/logging/log4j/log4j-api/2.12.1/log4j-api-2.12.1.jar:/Users/zhaoxiang/devTools/repository/org/apache/logging/log4j/log4j-core/2.12.1/log4j-core-2.12.1.jar:/Users/zhaoxiang/devTools/repository/org/apache/logging/log4j/log4j-jul/2.12.1/log4j-jul-2.12.1.jar:/Users/zhaoxiang/devTools/repository/org/slf4j/jul-to-slf4j/1.7.30/jul-to-slf4j-1.7.30.jar:/Users/zhaoxiang/devTools/repository/org/projectlombok/lombok/1.18.8/lombok-1.18.8.jar:"/>
    <property name="https.proxyPort" value="15732"/>
    <property name="java.vm.vendor" value="Azul Systems, Inc."/>
    <property name="sun.arch.data.model" value="64"/>
    <property name="java.vendor.url" value="http://www.azul.com/"/>
    <property name="user.timezone" value=""/>
    <property name="java.vm.specification.version" value="1.8"/>
    <property name="os.name" value="Mac OS X"/>
    <property name="user.country" value="CN"/>
    <property name="sun.java.launcher" value="SUN_STANDARD"/>
    <property name="sun.boot.library.path" value="/Library/Java/JavaVirtualMachines/zulu-8.jdk/Contents/Home/jre/lib"/>
    <property name="sun.java.command" value="/Users/zhaoxiang/IdeaProjects/heima-leadnews/heima-leadnews-utils/target/surefire/surefirebooter6998229252141346908.jar /Users/zhaoxiang/IdeaProjects/heima-leadnews/heima-leadnews-utils/target/surefire 2023-06-16T15-32-45_091-jvmRun1 surefire5764421085004112011tmp surefire_01524312807836260483tmp"/>
    <property name="http.nonProxyHosts" value="local|*.local|169.254/16|*.169.254/16"/>
    <property name="surefire.test.class.path" value="/Users/zhaoxiang/IdeaProjects/heima-leadnews/heima-leadnews-utils/target/test-classes:/Users/zhaoxiang/IdeaProjects/heima-leadnews/heima-leadnews-utils/target/classes:/Users/zhaoxiang/IdeaProjects/heima-leadnews/heima-leadnews-model/target/heima-leadnews-model-1.0-SNAPSHOT.jar:/Users/zhaoxiang/devTools/repository/mysql/mysql-connector-java/5.1.46/mysql-connector-java-5.1.46.jar:/Users/zhaoxiang/devTools/repository/org/mybatis/mybatis/3.5.1/mybatis-3.5.1.jar:/Users/zhaoxiang/devTools/repository/com/baomidou/mybatis-plus-boot-starter/3.4.1/mybatis-plus-boot-starter-3.4.1.jar:/Users/zhaoxiang/devTools/repository/com/baomidou/mybatis-plus/3.4.1/mybatis-plus-3.4.1.jar:/Users/zhaoxiang/devTools/repository/com/baomidou/mybatis-plus-extension/3.4.1/mybatis-plus-extension-3.4.1.jar:/Users/zhaoxiang/devTools/repository/com/baomidou/mybatis-plus-core/3.4.1/mybatis-plus-core-3.4.1.jar:/Users/zhaoxiang/devTools/repository/com/baomidou/mybatis-plus-annotation/3.4.1/mybatis-plus-annotation-3.4.1.jar:/Users/zhaoxiang/devTools/repository/com/github/jsqlparser/jsqlparser/3.2/jsqlparser-3.2.jar:/Users/zhaoxiang/devTools/repository/org/mybatis/mybatis-spring/2.0.1/mybatis-spring-2.0.1.jar:/Users/zhaoxiang/devTools/repository/org/springframework/boot/spring-boot-autoconfigure/2.2.5.RELEASE/spring-boot-autoconfigure-2.2.5.RELEASE.jar:/Users/zhaoxiang/devTools/repository/org/springframework/boot/spring-boot/2.2.5.RELEASE/spring-boot-2.2.5.RELEASE.jar:/Users/zhaoxiang/devTools/repository/org/springframework/spring-core/5.2.4.RELEASE/spring-core-5.2.4.RELEASE.jar:/Users/zhaoxiang/devTools/repository/org/springframework/spring-jcl/5.2.4.RELEASE/spring-jcl-5.2.4.RELEASE.jar:/Users/zhaoxiang/devTools/repository/org/springframework/boot/spring-boot-starter-jdbc/2.2.5.RELEASE/spring-boot-starter-jdbc-2.2.5.RELEASE.jar:/Users/zhaoxiang/devTools/repository/org/springframework/boot/spring-boot-starter/2.3.9.RELEASE/spring-boot-starter-2.3.9.RELEASE.jar:/Users/zhaoxiang/devTools/repository/jakarta/annotation/jakarta.annotation-api/1.3.5/jakarta.annotation-api-1.3.5.jar:/Users/zhaoxiang/devTools/repository/org/yaml/snakeyaml/1.25/snakeyaml-1.25.jar:/Users/zhaoxiang/devTools/repository/com/zaxxer/HikariCP/3.4.2/HikariCP-3.4.2.jar:/Users/zhaoxiang/devTools/repository/org/springframework/spring-jdbc/5.2.4.RELEASE/spring-jdbc-5.2.4.RELEASE.jar:/Users/zhaoxiang/devTools/repository/org/springframework/spring-tx/5.2.4.RELEASE/spring-tx-5.2.4.RELEASE.jar:/Users/zhaoxiang/devTools/repository/io/springfox/springfox-swagger2/2.9.2/springfox-swagger2-2.9.2.jar:/Users/zhaoxiang/devTools/repository/io/swagger/swagger-annotations/1.5.20/swagger-annotations-1.5.20.jar:/Users/zhaoxiang/devTools/repository/io/swagger/swagger-models/1.5.20/swagger-models-1.5.20.jar:/Users/zhaoxiang/devTools/repository/io/springfox/springfox-spi/2.9.2/springfox-spi-2.9.2.jar:/Users/zhaoxiang/devTools/repository/io/springfox/springfox-core/2.9.2/springfox-core-2.9.2.jar:/Users/zhaoxiang/devTools/repository/net/bytebuddy/byte-buddy/1.10.8/byte-buddy-1.10.8.jar:/Users/zhaoxiang/devTools/repository/io/springfox/springfox-schema/2.9.2/springfox-schema-2.9.2.jar:/Users/zhaoxiang/devTools/repository/io/springfox/springfox-swagger-common/2.9.2/springfox-swagger-common-2.9.2.jar:/Users/zhaoxiang/devTools/repository/io/springfox/springfox-spring-web/2.9.2/springfox-spring-web-2.9.2.jar:/Users/zhaoxiang/devTools/repository/com/google/guava/guava/29.0-jre/guava-29.0-jre.jar:/Users/zhaoxiang/devTools/repository/com/google/guava/failureaccess/1.0.1/failureaccess-1.0.1.jar:/Users/zhaoxiang/devTools/repository/com/google/guava/listenablefuture/9999.0-empty-to-avoid-conflict-with-guava/listenablefuture-9999.0-empty-to-avoid-conflict-with-guava.jar:/Users/zhaoxiang/devTools/repository/com/google/code/findbugs/jsr305/3.0.2/jsr305-3.0.2.jar:/Users/zhaoxiang/devTools/repository/org/checkerframework/checker-qual/2.11.1/checker-qual-2.11.1.jar:/Users/zhaoxiang/devTools/repository/com/google/errorprone/error_prone_annotations/2.3.4/error_prone_annotations-2.3.4.jar:/Users/zhaoxiang/devTools/repository/com/google/j2objc/j2objc-annotations/1.3/j2objc-annotations-1.3.jar:/Users/zhaoxiang/devTools/repository/com/fasterxml/classmate/1.5.1/classmate-1.5.1.jar:/Users/zhaoxiang/devTools/repository/org/slf4j/slf4j-api/1.7.30/slf4j-api-1.7.30.jar:/Users/zhaoxiang/devTools/repository/org/springframework/plugin/spring-plugin-core/1.2.0.RELEASE/spring-plugin-core-1.2.0.RELEASE.jar:/Users/zhaoxiang/devTools/repository/org/springframework/spring-beans/5.2.4.RELEASE/spring-beans-5.2.4.RELEASE.jar:/Users/zhaoxiang/devTools/repository/org/springframework/spring-context/5.2.4.RELEASE/spring-context-5.2.4.RELEASE.jar:/Users/zhaoxiang/devTools/repository/org/springframework/spring-expression/5.2.4.RELEASE/spring-expression-5.2.4.RELEASE.jar:/Users/zhaoxiang/devTools/repository/org/springframework/spring-aop/5.2.4.RELEASE/spring-aop-5.2.4.RELEASE.jar:/Users/zhaoxiang/devTools/repository/org/springframework/plugin/spring-plugin-metadata/1.2.0.RELEASE/spring-plugin-metadata-1.2.0.RELEASE.jar:/Users/zhaoxiang/devTools/repository/org/mapstruct/mapstruct/1.2.0.Final/mapstruct-1.2.0.Final.jar:/Users/zhaoxiang/devTools/repository/io/springfox/springfox-swagger-ui/2.9.2/springfox-swagger-ui-2.9.2.jar:/Users/zhaoxiang/devTools/repository/commons-codec/commons-codec/1.12/commons-codec-1.12.jar:/Users/zhaoxiang/devTools/repository/com/alibaba/fastjson/1.2.58/fastjson-1.2.58.jar:/Users/zhaoxiang/devTools/repository/io/jsonwebtoken/jjwt/0.9.1/jjwt-0.9.1.jar:/Users/zhaoxiang/devTools/repository/com/fasterxml/jackson/core/jackson-databind/2.10.2/jackson-databind-2.10.2.jar:/Users/zhaoxiang/devTools/repository/com/fasterxml/jackson/core/jackson-annotations/2.10.2/jackson-annotations-2.10.2.jar:/Users/zhaoxiang/devTools/repository/com/fasterxml/jackson/core/jackson-core/2.10.2/jackson-core-2.10.2.jar:/Users/zhaoxiang/devTools/repository/com/hankcs/hanlp/portable-1.3.4/hanlp-portable-1.3.4.jar:/Users/zhaoxiang/devTools/repository/org/apache/commons/commons-lang3/3.5/commons-lang3-3.5.jar:/Users/zhaoxiang/devTools/repository/org/jsoup/jsoup/1.10.2/jsoup-1.10.2.jar:/Users/zhaoxiang/devTools/repository/commons-beanutils/commons-beanutils/1.9.3/commons-beanutils-1.9.3.jar:/Users/zhaoxiang/devTools/repository/commons-logging/commons-logging/1.2/commons-logging-1.2.jar:/Users/zhaoxiang/devTools/repository/commons-collections/commons-collections/3.2.2/commons-collections-3.2.2.jar:/Users/zhaoxiang/devTools/repository/io/protostuff/protostuff-core/1.6.0/protostuff-core-1.6.0.jar:/Users/zhaoxiang/devTools/repository/io/protostuff/protostuff-api/1.6.0/protostuff-api-1.6.0.jar:/Users/zhaoxiang/devTools/repository/io/protostuff/protostuff-runtime/1.6.0/protostuff-runtime-1.6.0.jar:/Users/zhaoxiang/devTools/repository/io/protostuff/protostuff-collectionschema/1.6.0/protostuff-collectionschema-1.6.0.jar:/Users/zhaoxiang/devTools/repository/org/springframework/boot/spring-boot-starter-log4j2/2.2.5.RELEASE/spring-boot-starter-log4j2-2.2.5.RELEASE.jar:/Users/zhaoxiang/devTools/repository/org/apache/logging/log4j/log4j-slf4j-impl/2.12.1/log4j-slf4j-impl-2.12.1.jar:/Users/zhaoxiang/devTools/repository/org/apache/logging/log4j/log4j-api/2.12.1/log4j-api-2.12.1.jar:/Users/zhaoxiang/devTools/repository/org/apache/logging/log4j/log4j-core/2.12.1/log4j-core-2.12.1.jar:/Users/zhaoxiang/devTools/repository/org/apache/logging/log4j/log4j-jul/2.12.1/log4j-jul-2.12.1.jar:/Users/zhaoxiang/devTools/repository/org/slf4j/jul-to-slf4j/1.7.30/jul-to-slf4j-1.7.30.jar:/Users/zhaoxiang/devTools/repository/org/projectlombok/lombok/1.18.8/lombok-1.18.8.jar:"/>
    <property name="sun.cpu.endian" value="little"/>
    <property name="user.home" value="/Users/zhaoxiang"/>
    <property name="user.language" value="zh"/>
    <property name="java.specification.vendor" value="Oracle Corporation"/>
    <property name="java.home" value="/Library/Java/JavaVirtualMachines/zulu-8.jdk/Contents/Home/jre"/>
    <property name="basedir" value="/Users/zhaoxiang/IdeaProjects/heima-leadnews/heima-leadnews-utils"/>
    <property name="https.proxyHost" value="127.0.0.1"/>
    <property name="file.separator" value="/"/>
    <property name="line.separator" value="&#10;"/>
    <property name="jdk.vendor.version" value="Zulu 8.62.0.19-CA-macos-aarch64"/>
    <property name="java.vm.specification.vendor" value="Oracle Corporation"/>
    <property name="java.specification.name" value="Java Platform API Specification"/>
    <property name="java.awt.graphicsenv" value="sun.awt.CGraphicsEnvironment"/>
    <property name="surefire.real.class.path" value="/Users/zhaoxiang/IdeaProjects/heima-leadnews/heima-leadnews-utils/target/surefire/surefirebooter6998229252141346908.jar"/>
    <property name="sun.boot.class.path" value="/Library/Java/JavaVirtualMachines/zulu-8.jdk/Contents/Home/jre/lib/resources.jar:/Library/Java/JavaVirtualMachines/zulu-8.jdk/Contents/Home/jre/lib/rt.jar:/Library/Java/JavaVirtualMachines/zulu-8.jdk/Contents/Home/jre/lib/sunrsasign.jar:/Library/Java/JavaVirtualMachines/zulu-8.jdk/Contents/Home/jre/lib/jsse.jar:/Library/Java/JavaVirtualMachines/zulu-8.jdk/Contents/Home/jre/lib/jce.jar:/Library/Java/JavaVirtualMachines/zulu-8.jdk/Contents/Home/jre/lib/charsets.jar:/Library/Java/JavaVirtualMachines/zulu-8.jdk/Contents/Home/jre/lib/jfr.jar:/Library/Java/JavaVirtualMachines/zulu-8.jdk/Contents/Home/jre/lib/cat.jar:/Library/Java/JavaVirtualMachines/zulu-8.jdk/Contents/Home/jre/classes"/>
    <property name="sun.management.compiler" value="HotSpot 64-Bit Tiered Compilers"/>
    <property name="ftp.nonProxyHosts" value="local|*.local|169.254/16|*.169.254/16"/>
    <property name="java.runtime.version" value="1.8.0_332-b09"/>
    <property name="user.name" value="zhaoxiang"/>
    <property name="path.separator" value=":"/>
    <property name="os.version" value="13.4"/>
    <property name="java.endorsed.dirs" value="/Library/Java/JavaVirtualMachines/zulu-8.jdk/Contents/Home/jre/lib/endorsed"/>
    <property name="java.runtime.name" value="OpenJDK Runtime Environment"/>
    <property name="file.encoding" value="UTF-8"/>
    <property name="java.vm.name" value="OpenJDK 64-Bit Server VM"/>
    <property name="localRepository" value="/Users/zhaoxiang/devTools/repository"/>
    <property name="java.vendor.url.bug" value="http://www.azul.com/support/"/>
    <property name="java.io.tmpdir" value="/var/folders/vc/315k1rzx6md8j7hbhmxb7j7c0000gn/T/"/>
    <property name="idea.version" value="2021.3"/>
    <property name="java.version" value="1.8.0_332"/>
    <property name="user.dir" value="/Users/zhaoxiang/IdeaProjects/heima-leadnews/heima-leadnews-utils"/>
    <property name="os.arch" value="aarch64"/>
    <property name="java.vm.specification.name" value="Java Virtual Machine Specification"/>
    <property name="java.awt.printerjob" value="sun.lwawt.macosx.CPrinterJob"/>
    <property name="sun.os.patch.level" value="unknown"/>
    <property name="java.library.path" value="/Users/zhaoxiang/Library/Java/Extensions:/Library/Java/Extensions:/Network/Library/Java/Extensions:/System/Library/Java/Extensions:/usr/lib/java:."/>
    <property name="java.vm.info" value="mixed mode"/>
    <property name="java.vendor" value="Azul Systems, Inc."/>
    <property name="java.vm.version" value="25.332-b09"/>
    <property name="java.ext.dirs" value="/Users/zhaoxiang/Library/Java/Extensions:/Library/Java/JavaVirtualMachines/zulu-8.jdk/Contents/Home/jre/lib/ext:/Library/Java/Extensions:/Network/Library/Java/Extensions:/System/Library/Java/Extensions:/usr/lib/java"/>
    <property name="sun.io.unicode.encoding" value="UnicodeBig"/>
    <property name="maven.repo.local" value="/Users/zhaoxiang/devTools/repository"/>
    <property name="java.class.version" value="52.0"/>
    <property name="socksNonProxyHosts" value="local|*.local|169.254/16|*.169.254/16"/>
    <property name="http.proxyPort" value="15732"/>
  </properties>
</testsuite>